<?xml version="1.0" encoding="UTF-8"?>
<!-- Generated by org.testng.reporters.JUnitReportReporter -->
<testsuite hostname="ramesh" failures="0" tests="1" name="domain.allDomain.MainClass" time="2.481" errors="0" timestamp="7 Jan 2022 06:53:21 GMT">
  <testcase classname="domain.allDomain.MainClass" name="callAllMethods" time="2.481"/>
</testsuite> <!-- domain.allDomain.MainClass -->
